2021-12-16 00:38 +05:00: Connected to Database
2021-12-16 00:38 +05:00: Connected to Database
2021-12-16 00:38 +05:00: Trying listening on 7500
2021-12-16 00:38 +05:00: listening on 7500
2021-12-16 00:38 +05:00: Trying listening on 7500
2021-12-16 00:38 +05:00: listening on 7500
2021-12-16 00:38 +05:00: Connected to Database
2021-12-16 00:38 +05:00: Trying listening on 7500
2021-12-16 00:38 +05:00: listening on 7500
2021-12-16 00:38 +05:00: Connected to Database
2021-12-16 00:38 +05:00: Trying listening on 7500
2021-12-16 00:38 +05:00: listening on 7500
2021-12-16 00:38 +05:00: Connected to Database
2021-12-16 00:38 +05:00: Trying listening on 7500
2021-12-16 00:38 +05:00: listening on 7500
2021-12-16 00:38 +05:00: Connected to Database
2021-12-16 00:38 +05:00: Trying listening on 7500
2021-12-16 00:38 +05:00: listening on 7500
2021-12-16 00:38 +05:00: Connected to Database
2021-12-16 00:38 +05:00: Trying listening on 7500
2021-12-16 00:38 +05:00: listening on 7500
2021-12-16 00:59 +05:00: Connected to Database
2021-12-16 00:59 +05:00: Trying listening on 7500
2021-12-16 00:59 +05:00: Connected to Database
2021-12-16 00:59 +05:00: listening on 7500
2021-12-16 00:59 +05:00: Trying listening on 7500
2021-12-16 00:59 +05:00: listening on 7500
2021-12-16 00:59 +05:00: Connected to Database
2021-12-16 00:59 +05:00: Trying listening on 7500
2021-12-16 00:59 +05:00: listening on 7500
2021-12-16 00:59 +05:00: Connected to Database
2021-12-16 00:59 +05:00: Trying listening on 7500
2021-12-16 00:59 +05:00: listening on 7500
2021-12-16 00:59 +05:00: Connected to Database
2021-12-16 00:59 +05:00: Trying listening on 7500
2021-12-16 00:59 +05:00: listening on 7500
2021-12-16 00:59 +05:00: Connected to Database
2021-12-16 00:59 +05:00: Trying listening on 7500
2021-12-16 00:59 +05:00: listening on 7500
2021-12-16 00:59 +05:00: Connected to Database
2021-12-16 00:59 +05:00: Trying listening on 7500
2021-12-16 00:59 +05:00: listening on 7500
2021-12-18 06:08 +05:00: Connected to Database
2021-12-18 06:08 +05:00: Trying listening on 7500
2021-12-18 06:08 +05:00: server listening on 7500
2021-12-18 06:08 +05:00: Connected to Database
2021-12-18 06:08 +05:00: Connected to Database
2021-12-18 06:08 +05:00: Connected to Database
2021-12-18 06:08 +05:00: Connected to Database
2021-12-18 06:08 +05:00: Trying listening on 7500
2021-12-18 06:08 +05:00: Trying listening on 7500
2021-12-18 06:08 +05:00: Trying listening on 7500
2021-12-18 06:08 +05:00: server listening on 7500
2021-12-18 06:08 +05:00: Trying listening on 7500
2021-12-18 06:08 +05:00: server listening on 7500
2021-12-18 06:08 +05:00: server listening on 7500
2021-12-18 06:08 +05:00: server listening on 7500
2021-12-18 06:08 +05:00: Connected to Database
2021-12-18 06:08 +05:00: Trying listening on 7500
2021-12-18 06:08 +05:00: server listening on 7500
2021-12-18 06:08 +05:00: Connected to Database
2021-12-18 06:08 +05:00: Trying listening on 7500
2021-12-18 06:08 +05:00: server listening on 7500
2021-12-18 19:21 +05:00: Connected to Database
2021-12-18 19:21 +05:00: Trying listening on 7500
2021-12-18 19:21 +05:00: Connected to Database
2021-12-18 19:21 +05:00: Connected to Database
2021-12-18 19:21 +05:00: Trying listening on 7500
2021-12-18 19:21 +05:00: Trying listening on 7500
2021-12-18 19:21 +05:00: server listening on 7500
2021-12-18 19:21 +05:00: server listening on 7500
2021-12-18 19:21 +05:00: server listening on 7500
2021-12-18 19:21 +05:00: Connected to Database
2021-12-18 19:21 +05:00: Trying listening on 7500
2021-12-18 19:21 +05:00: server listening on 7500
2021-12-18 19:21 +05:00: Connected to Database
2021-12-18 19:21 +05:00: Trying listening on 7500
2021-12-18 19:21 +05:00: server listening on 7500
2021-12-18 19:21 +05:00: Connected to Database
2021-12-18 19:21 +05:00: Trying listening on 7500
2021-12-18 19:21 +05:00: server listening on 7500
2021-12-18 19:21 +05:00: Connected to Database
2021-12-18 19:21 +05:00: Trying listening on 7500
2021-12-18 19:21 +05:00: server listening on 7500
2021-12-18 20:23 +05:00: Connected to Database
2021-12-18 20:23 +05:00: Trying listening on 7500
2021-12-18 20:23 +05:00: server listening on 7500
2021-12-18 20:23 +05:00: Connected to Database
2021-12-18 20:23 +05:00: Trying listening on 7500
2021-12-18 20:23 +05:00: server listening on 7500
2021-12-18 20:23 +05:00: Connected to Database
2021-12-18 20:23 +05:00: Trying listening on 7500
2021-12-18 20:23 +05:00: server listening on 7500
2021-12-18 20:23 +05:00: Connected to Database
2021-12-18 20:23 +05:00: Trying listening on 7500
2021-12-18 20:23 +05:00: server listening on 7500
2021-12-18 20:23 +05:00: Connected to Database
2021-12-18 20:23 +05:00: Trying listening on 7500
2021-12-18 20:23 +05:00: server listening on 7500
2021-12-18 20:23 +05:00: Connected to Database
2021-12-18 20:23 +05:00: Trying listening on 7500
2021-12-18 20:23 +05:00: server listening on 7500
2021-12-18 20:23 +05:00: Connected to Database
2021-12-18 20:23 +05:00: Trying listening on 7500
2021-12-18 20:23 +05:00: server listening on 7500
2022-01-13 19:46 +05:00: (node:7156) Warning: Accessing non-existent property 'count' of module exports inside circular dependency
(Use `node --trace-warnings ...` to show where the warning was created)
2022-01-13 19:46 +05:00: (node:7156) Warning: Accessing non-existent property 'findOne' of module exports inside circular dependency
2022-01-13 19:46 +05:00: (node:7156) Warning: Accessing non-existent property 'remove' of module exports inside circular dependency
2022-01-13 19:46 +05:00: (node:7156) Warning: Accessing non-existent property 'updateOne' of module exports inside circular dependency
2022-01-13 19:46 +05:00: (node:16452) Warning: Accessing non-existent property 'count' of module exports inside circular dependency
(Use `node --trace-warnings ...` to show where the warning was created)
2022-01-13 19:46 +05:00: (node:16452) Warning: Accessing non-existent property 'findOne' of module exports inside circular dependency
2022-01-13 19:46 +05:00: (node:16452) Warning: Accessing non-existent property 'remove' of module exports inside circular dependency
2022-01-13 19:46 +05:00: (node:16452) Warning: Accessing non-existent property 'updateOne' of module exports inside circular dependency
2022-01-13 19:46 +05:00: (node:2884) Warning: Accessing non-existent property 'count' of module exports inside circular dependency
(Use `node --trace-warnings ...` to show where the warning was created)
2022-01-13 19:46 +05:00: (node:2884) Warning: Accessing non-existent property 'findOne' of module exports inside circular dependency
2022-01-13 19:46 +05:00: (node:2884) Warning: Accessing non-existent property 'remove' of module exports inside circular dependency
2022-01-13 19:46 +05:00: (node:2884) Warning: Accessing non-existent property 'updateOne' of module exports inside circular dependency
2022-01-13 19:47 +05:00: (node:4512) Warning: Accessing non-existent property 'count' of module exports inside circular dependency
(Use `node --trace-warnings ...` to show where the warning was created)
2022-01-13 19:47 +05:00: (node:4512) Warning: Accessing non-existent property 'findOne' of module exports inside circular dependency
2022-01-13 19:47 +05:00: (node:4512) Warning: Accessing non-existent property 'remove' of module exports inside circular dependency
2022-01-13 19:47 +05:00: (node:4512) Warning: Accessing non-existent property 'updateOne' of module exports inside circular dependency
2022-01-13 19:47 +05:00: (node:12216) Warning: Accessing non-existent property 'count' of module exports inside circular dependency
(Use `node --trace-warnings ...` to show where the warning was created)
2022-01-13 19:47 +05:00: (node:12216) Warning: Accessing non-existent property 'findOne' of module exports inside circular dependency
2022-01-13 19:47 +05:00: (node:12216) Warning: Accessing non-existent property 'remove' of module exports inside circular dependency
2022-01-13 19:47 +05:00: (node:12216) Warning: Accessing non-existent property 'updateOne' of module exports inside circular dependency
2022-01-13 19:47 +05:00: (node:16640) Warning: Accessing non-existent property 'count' of module exports inside circular dependency
(Use `node --trace-warnings ...` to show where the warning was created)
2022-01-13 19:47 +05:00: (node:16640) Warning: Accessing non-existent property 'findOne' of module exports inside circular dependency
2022-01-13 19:47 +05:00: (node:16640) Warning: Accessing non-existent property 'remove' of module exports inside circular dependency
2022-01-13 19:47 +05:00: (node:16640) Warning: Accessing non-existent property 'updateOne' of module exports inside circular dependency
2022-01-13 19:47 +05:00: MongoServerSelectionError: bad auth : Authentication failed.
    at Timeout._onTimeout (C:\Users\TS\Desktop\Lab 11\students-crud-app-latest\node_modules\mongodb\lib\core\sdam\topology.js:430:30)
    at listOnTimeout (internal/timers.js:557:17)
    at processTimers (internal/timers.js:500:7) {
  reason: TopologyDescription {
    type: 'ReplicaSetNoPrimary',
    setName: null,
    maxSetVersion: null,
    maxElectionId: null,
    servers: Map(3) {
      'cluster0-shard-00-00.8am4z.mongodb.net:27017' => [ServerDescription],
      'cluster0-shard-00-01.8am4z.mongodb.net:27017' => [ServerDescription],
      'cluster0-shard-00-02.8am4z.mongodb.net:27017' => [ServerDescription]
    },
    stale: false,
    compatible: true,
    compatibilityError: null,
    logicalSessionTimeoutMinutes: null,
    heartbeatFrequencyMS: 10000,
    localThresholdMS: 15,
    commonWireVersion: null
  },
  [Symbol(mongoErrorContextSymbol)]: {}
}
2022-01-13 19:47 +05:00: MongoServerSelectionError: bad auth : Authentication failed.
    at Timeout._onTimeout (C:\Users\TS\Desktop\Lab 11\students-crud-app-latest\node_modules\mongodb\lib\core\sdam\topology.js:430:30)
    at listOnTimeout (internal/timers.js:557:17)
    at processTimers (internal/timers.js:500:7) {
  reason: TopologyDescription {
    type: 'ReplicaSetNoPrimary',
    setName: null,
    maxSetVersion: null,
    maxElectionId: null,
    servers: Map(3) {
      'cluster0-shard-00-00.8am4z.mongodb.net:27017' => [ServerDescription],
      'cluster0-shard-00-01.8am4z.mongodb.net:27017' => [ServerDescription],
      'cluster0-shard-00-02.8am4z.mongodb.net:27017' => [ServerDescription]
    },
    stale: false,
    compatible: true,
    compatibilityError: null,
    logicalSessionTimeoutMinutes: null,
    heartbeatFrequencyMS: 10000,
    localThresholdMS: 15,
    commonWireVersion: null
  },
  [Symbol(mongoErrorContextSymbol)]: {}
}
2022-01-13 19:47 +05:00: MongoServerSelectionError: bad auth : Authentication failed.
    at Timeout._onTimeout (C:\Users\TS\Desktop\Lab 11\students-crud-app-latest\node_modules\mongodb\lib\core\sdam\topology.js:430:30)
    at listOnTimeout (internal/timers.js:557:17)
    at processTimers (internal/timers.js:500:7) {
  reason: TopologyDescription {
    type: 'ReplicaSetNoPrimary',
    setName: null,
    maxSetVersion: null,
    maxElectionId: null,
    servers: Map(3) {
      'cluster0-shard-00-00.8am4z.mongodb.net:27017' => [ServerDescription],
      'cluster0-shard-00-01.8am4z.mongodb.net:27017' => [ServerDescription],
      'cluster0-shard-00-02.8am4z.mongodb.net:27017' => [ServerDescription]
    },
    stale: false,
    compatible: true,
    compatibilityError: null,
    logicalSessionTimeoutMinutes: null,
    heartbeatFrequencyMS: 10000,
    localThresholdMS: 15,
    commonWireVersion: null
  },
  [Symbol(mongoErrorContextSymbol)]: {}
}
2022-01-13 23:11 +05:00: (node:14092) Warning: Accessing non-existent property 'count' of module exports inside circular dependency
(Use `node --trace-warnings ...` to show where the warning was created)
2022-01-13 23:11 +05:00: (node:14092) Warning: Accessing non-existent property 'findOne' of module exports inside circular dependency
2022-01-13 23:11 +05:00: (node:14092) Warning: Accessing non-existent property 'remove' of module exports inside circular dependency
2022-01-13 23:11 +05:00: (node:14092) Warning: Accessing non-existent property 'updateOne' of module exports inside circular dependency
2022-01-13 23:11 +05:00: (node:11564) Warning: Accessing non-existent property 'count' of module exports inside circular dependency
(Use `node --trace-warnings ...` to show where the warning was created)
2022-01-13 23:11 +05:00: (node:11564) Warning: Accessing non-existent property 'findOne' of module exports inside circular dependency
2022-01-13 23:11 +05:00: (node:11564) Warning: Accessing non-existent property 'remove' of module exports inside circular dependency
2022-01-13 23:11 +05:00: (node:11564) Warning: Accessing non-existent property 'updateOne' of module exports inside circular dependency
2022-01-13 23:11 +05:00: (node:1232) Warning: Accessing non-existent property 'count' of module exports inside circular dependency
(Use `node --trace-warnings ...` to show where the warning was created)
2022-01-13 23:11 +05:00: (node:1232) Warning: Accessing non-existent property 'findOne' of module exports inside circular dependency
2022-01-13 23:11 +05:00: (node:1232) Warning: Accessing non-existent property 'remove' of module exports inside circular dependency
2022-01-13 23:11 +05:00: (node:1232) Warning: Accessing non-existent property 'updateOne' of module exports inside circular dependency
2022-01-13 23:11 +05:00: MongoServerSelectionError: bad auth : Authentication failed.
    at Timeout._onTimeout (C:\Users\TS\Desktop\Lab 11\students-crud-app-latest\node_modules\mongodb\lib\core\sdam\topology.js:430:30)
    at listOnTimeout (internal/timers.js:557:17)
    at processTimers (internal/timers.js:500:7) {
  reason: TopologyDescription {
    type: 'ReplicaSetNoPrimary',
    setName: null,
    maxSetVersion: null,
    maxElectionId: null,
    servers: Map(3) {
      'cluster0-shard-00-00.8am4z.mongodb.net:27017' => [ServerDescription],
      'cluster0-shard-00-01.8am4z.mongodb.net:27017' => [ServerDescription],
      'cluster0-shard-00-02.8am4z.mongodb.net:27017' => [ServerDescription]
    },
    stale: false,
    compatible: true,
    compatibilityError: null,
    logicalSessionTimeoutMinutes: null,
    heartbeatFrequencyMS: 10000,
    localThresholdMS: 15,
    commonWireVersion: null
  },
  [Symbol(mongoErrorContextSymbol)]: {}
}
2022-01-13 23:11 +05:00: MongoServerSelectionError: bad auth : Authentication failed.
    at Timeout._onTimeout (C:\Users\TS\Desktop\Lab 11\students-crud-app-latest\node_modules\mongodb\lib\core\sdam\topology.js:430:30)
    at listOnTimeout (internal/timers.js:557:17)
    at processTimers (internal/timers.js:500:7) {
  reason: TopologyDescription {
    type: 'ReplicaSetNoPrimary',
    setName: null,
    maxSetVersion: null,
    maxElectionId: null,
    servers: Map(3) {
      'cluster0-shard-00-00.8am4z.mongodb.net:27017' => [ServerDescription],
      'cluster0-shard-00-01.8am4z.mongodb.net:27017' => [ServerDescription],
      'cluster0-shard-00-02.8am4z.mongodb.net:27017' => [ServerDescription]
    },
    stale: false,
    compatible: true,
    compatibilityError: null,
    logicalSessionTimeoutMinutes: null,
    heartbeatFrequencyMS: 10000,
    localThresholdMS: 15,
    commonWireVersion: null
  },
  [Symbol(mongoErrorContextSymbol)]: {}
}
2022-01-13 23:11 +05:00: MongoServerSelectionError: bad auth : Authentication failed.
    at Timeout._onTimeout (C:\Users\TS\Desktop\Lab 11\students-crud-app-latest\node_modules\mongodb\lib\core\sdam\topology.js:430:30)
    at listOnTimeout (internal/timers.js:557:17)
    at processTimers (internal/timers.js:500:7) {
  reason: TopologyDescription {
    type: 'ReplicaSetNoPrimary',
    setName: null,
    maxSetVersion: null,
    maxElectionId: null,
    servers: Map(3) {
      'cluster0-shard-00-00.8am4z.mongodb.net:27017' => [ServerDescription],
      'cluster0-shard-00-01.8am4z.mongodb.net:27017' => [ServerDescription],
      'cluster0-shard-00-02.8am4z.mongodb.net:27017' => [ServerDescription]
    },
    stale: false,
    compatible: true,
    compatibilityError: null,
    logicalSessionTimeoutMinutes: null,
    heartbeatFrequencyMS: 10000,
    localThresholdMS: 15,
    commonWireVersion: null
  },
  [Symbol(mongoErrorContextSymbol)]: {}
}
2022-01-13 23:17 +05:00: (node:12116) Warning: Accessing non-existent property 'count' of module exports inside circular dependency
(Use `node --trace-warnings ...` to show where the warning was created)
2022-01-13 23:17 +05:00: (node:12116) Warning: Accessing non-existent property 'findOne' of module exports inside circular dependency
2022-01-13 23:17 +05:00: (node:12116) Warning: Accessing non-existent property 'remove' of module exports inside circular dependency
2022-01-13 23:17 +05:00: (node:12116) Warning: Accessing non-existent property 'updateOne' of module exports inside circular dependency
2022-01-13 23:17 +05:00: (node:6980) Warning: Accessing non-existent property 'count' of module exports inside circular dependency
(Use `node --trace-warnings ...` to show where the warning was created)
2022-01-13 23:17 +05:00: (node:6980) Warning: Accessing non-existent property 'findOne' of module exports inside circular dependency
2022-01-13 23:17 +05:00: (node:6980) Warning: Accessing non-existent property 'remove' of module exports inside circular dependency
2022-01-13 23:17 +05:00: (node:6980) Warning: Accessing non-existent property 'updateOne' of module exports inside circular dependency
2022-01-13 23:17 +05:00: (node:4844) Warning: Accessing non-existent property 'count' of module exports inside circular dependency
(Use `node --trace-warnings ...` to show where the warning was created)
2022-01-13 23:17 +05:00: (node:4844) Warning: Accessing non-existent property 'findOne' of module exports inside circular dependency
2022-01-13 23:17 +05:00: (node:4844) Warning: Accessing non-existent property 'remove' of module exports inside circular dependency
2022-01-13 23:17 +05:00: (node:4844) Warning: Accessing non-existent property 'updateOne' of module exports inside circular dependency
2022-01-13 23:17 +05:00: MongoServerSelectionError: bad auth : Authentication failed.
    at Timeout._onTimeout (C:\Users\TS\Desktop\Lab 11\students-crud-app-latest\node_modules\mongodb\lib\core\sdam\topology.js:430:30)
    at listOnTimeout (internal/timers.js:557:17)
    at processTimers (internal/timers.js:500:7) {
  reason: TopologyDescription {
    type: 'ReplicaSetNoPrimary',
    setName: null,
    maxSetVersion: null,
    maxElectionId: null,
    servers: Map(3) {
      'cluster0-shard-00-00.8am4z.mongodb.net:27017' => [ServerDescription],
      'cluster0-shard-00-01.8am4z.mongodb.net:27017' => [ServerDescription],
      'cluster0-shard-00-02.8am4z.mongodb.net:27017' => [ServerDescription]
    },
    stale: false,
    compatible: true,
    compatibilityError: null,
    logicalSessionTimeoutMinutes: null,
    heartbeatFrequencyMS: 10000,
    localThresholdMS: 15,
    commonWireVersion: null
  },
  [Symbol(mongoErrorContextSymbol)]: {}
}
2022-01-13 23:17 +05:00: MongoServerSelectionError: bad auth : Authentication failed.
    at Timeout._onTimeout (C:\Users\TS\Desktop\Lab 11\students-crud-app-latest\node_modules\mongodb\lib\core\sdam\topology.js:430:30)
    at listOnTimeout (internal/timers.js:557:17)
    at processTimers (internal/timers.js:500:7) {
  reason: TopologyDescription {
    type: 'ReplicaSetNoPrimary',
    setName: null,
    maxSetVersion: null,
    maxElectionId: null,
    servers: Map(3) {
      'cluster0-shard-00-00.8am4z.mongodb.net:27017' => [ServerDescription],
      'cluster0-shard-00-01.8am4z.mongodb.net:27017' => [ServerDescription],
      'cluster0-shard-00-02.8am4z.mongodb.net:27017' => [ServerDescription]
    },
    stale: false,
    compatible: true,
    compatibilityError: null,
    logicalSessionTimeoutMinutes: null,
    heartbeatFrequencyMS: 10000,
    localThresholdMS: 15,
    commonWireVersion: null
  },
  [Symbol(mongoErrorContextSymbol)]: {}
}
2022-01-13 23:17 +05:00: MongoServerSelectionError: bad auth : Authentication failed.
    at Timeout._onTimeout (C:\Users\TS\Desktop\Lab 11\students-crud-app-latest\node_modules\mongodb\lib\core\sdam\topology.js:430:30)
    at listOnTimeout (internal/timers.js:557:17)
    at processTimers (internal/timers.js:500:7) {
  reason: TopologyDescription {
    type: 'ReplicaSetNoPrimary',
    setName: null,
    maxSetVersion: null,
    maxElectionId: null,
    servers: Map(3) {
      'cluster0-shard-00-00.8am4z.mongodb.net:27017' => [ServerDescription],
      'cluster0-shard-00-01.8am4z.mongodb.net:27017' => [ServerDescription],
      'cluster0-shard-00-02.8am4z.mongodb.net:27017' => [ServerDescription]
    },
    stale: false,
    compatible: true,
    compatibilityError: null,
    logicalSessionTimeoutMinutes: null,
    heartbeatFrequencyMS: 10000,
    localThresholdMS: 15,
    commonWireVersion: null
  },
  [Symbol(mongoErrorContextSymbol)]: {}
}
