2022-01-13 19:46 +05:00: (node:7156) Warning: Accessing non-existent property 'count' of module exports inside circular dependency
(Use `node --trace-warnings ...` to show where the warning was created)
2022-01-13 19:46 +05:00: (node:7156) Warning: Accessing non-existent property 'findOne' of module exports inside circular dependency
2022-01-13 19:46 +05:00: (node:7156) Warning: Accessing non-existent property 'remove' of module exports inside circular dependency
2022-01-13 19:46 +05:00: (node:7156) Warning: Accessing non-existent property 'updateOne' of module exports inside circular dependency
2022-01-13 19:46 +05:00: (node:16452) Warning: Accessing non-existent property 'count' of module exports inside circular dependency
(Use `node --trace-warnings ...` to show where the warning was created)
2022-01-13 19:46 +05:00: (node:16452) Warning: Accessing non-existent property 'findOne' of module exports inside circular dependency
2022-01-13 19:46 +05:00: (node:16452) Warning: Accessing non-existent property 'remove' of module exports inside circular dependency
2022-01-13 19:46 +05:00: (node:16452) Warning: Accessing non-existent property 'updateOne' of module exports inside circular dependency
2022-01-13 19:46 +05:00: (node:2884) Warning: Accessing non-existent property 'count' of module exports inside circular dependency
(Use `node --trace-warnings ...` to show where the warning was created)
2022-01-13 19:46 +05:00: (node:2884) Warning: Accessing non-existent property 'findOne' of module exports inside circular dependency
2022-01-13 19:46 +05:00: (node:2884) Warning: Accessing non-existent property 'remove' of module exports inside circular dependency
2022-01-13 19:46 +05:00: (node:2884) Warning: Accessing non-existent property 'updateOne' of module exports inside circular dependency
2022-01-13 19:47 +05:00: (node:4512) Warning: Accessing non-existent property 'count' of module exports inside circular dependency
(Use `node --trace-warnings ...` to show where the warning was created)
2022-01-13 19:47 +05:00: (node:4512) Warning: Accessing non-existent property 'findOne' of module exports inside circular dependency
2022-01-13 19:47 +05:00: (node:4512) Warning: Accessing non-existent property 'remove' of module exports inside circular dependency
2022-01-13 19:47 +05:00: (node:4512) Warning: Accessing non-existent property 'updateOne' of module exports inside circular dependency
2022-01-13 19:47 +05:00: (node:12216) Warning: Accessing non-existent property 'count' of module exports inside circular dependency
(Use `node --trace-warnings ...` to show where the warning was created)
2022-01-13 19:47 +05:00: (node:12216) Warning: Accessing non-existent property 'findOne' of module exports inside circular dependency
2022-01-13 19:47 +05:00: (node:12216) Warning: Accessing non-existent property 'remove' of module exports inside circular dependency
2022-01-13 19:47 +05:00: (node:12216) Warning: Accessing non-existent property 'updateOne' of module exports inside circular dependency
2022-01-13 19:47 +05:00: (node:16640) Warning: Accessing non-existent property 'count' of module exports inside circular dependency
(Use `node --trace-warnings ...` to show where the warning was created)
2022-01-13 19:47 +05:00: (node:16640) Warning: Accessing non-existent property 'findOne' of module exports inside circular dependency
2022-01-13 19:47 +05:00: (node:16640) Warning: Accessing non-existent property 'remove' of module exports inside circular dependency
2022-01-13 19:47 +05:00: (node:16640) Warning: Accessing non-existent property 'updateOne' of module exports inside circular dependency
2022-01-13 23:11 +05:00: (node:14092) Warning: Accessing non-existent property 'count' of module exports inside circular dependency
(Use `node --trace-warnings ...` to show where the warning was created)
2022-01-13 23:11 +05:00: (node:14092) Warning: Accessing non-existent property 'findOne' of module exports inside circular dependency
2022-01-13 23:11 +05:00: (node:14092) Warning: Accessing non-existent property 'remove' of module exports inside circular dependency
2022-01-13 23:11 +05:00: (node:14092) Warning: Accessing non-existent property 'updateOne' of module exports inside circular dependency
2022-01-13 23:11 +05:00: (node:11564) Warning: Accessing non-existent property 'count' of module exports inside circular dependency
(Use `node --trace-warnings ...` to show where the warning was created)
2022-01-13 23:11 +05:00: (node:11564) Warning: Accessing non-existent property 'findOne' of module exports inside circular dependency
2022-01-13 23:11 +05:00: (node:11564) Warning: Accessing non-existent property 'remove' of module exports inside circular dependency
2022-01-13 23:11 +05:00: (node:11564) Warning: Accessing non-existent property 'updateOne' of module exports inside circular dependency
2022-01-13 23:11 +05:00: (node:1232) Warning: Accessing non-existent property 'count' of module exports inside circular dependency
(Use `node --trace-warnings ...` to show where the warning was created)
2022-01-13 23:11 +05:00: (node:1232) Warning: Accessing non-existent property 'findOne' of module exports inside circular dependency
2022-01-13 23:11 +05:00: (node:1232) Warning: Accessing non-existent property 'remove' of module exports inside circular dependency
2022-01-13 23:11 +05:00: (node:1232) Warning: Accessing non-existent property 'updateOne' of module exports inside circular dependency
2022-01-13 23:17 +05:00: (node:12116) Warning: Accessing non-existent property 'count' of module exports inside circular dependency
(Use `node --trace-warnings ...` to show where the warning was created)
2022-01-13 23:17 +05:00: (node:12116) Warning: Accessing non-existent property 'findOne' of module exports inside circular dependency
2022-01-13 23:17 +05:00: (node:12116) Warning: Accessing non-existent property 'remove' of module exports inside circular dependency
2022-01-13 23:17 +05:00: (node:12116) Warning: Accessing non-existent property 'updateOne' of module exports inside circular dependency
2022-01-13 23:17 +05:00: (node:6980) Warning: Accessing non-existent property 'count' of module exports inside circular dependency
(Use `node --trace-warnings ...` to show where the warning was created)
2022-01-13 23:17 +05:00: (node:6980) Warning: Accessing non-existent property 'findOne' of module exports inside circular dependency
2022-01-13 23:17 +05:00: (node:6980) Warning: Accessing non-existent property 'remove' of module exports inside circular dependency
2022-01-13 23:17 +05:00: (node:6980) Warning: Accessing non-existent property 'updateOne' of module exports inside circular dependency
2022-01-13 23:17 +05:00: (node:4844) Warning: Accessing non-existent property 'count' of module exports inside circular dependency
(Use `node --trace-warnings ...` to show where the warning was created)
2022-01-13 23:17 +05:00: (node:4844) Warning: Accessing non-existent property 'findOne' of module exports inside circular dependency
2022-01-13 23:17 +05:00: (node:4844) Warning: Accessing non-existent property 'remove' of module exports inside circular dependency
2022-01-13 23:17 +05:00: (node:4844) Warning: Accessing non-existent property 'updateOne' of module exports inside circular dependency
